<?xml version="1.0" encoding="UTF-8"?>
<testsuite xmlns:xsi="http://www.w3.org/2001/XMLSchema-instance" xsi:noNamespaceSchemaLocation="https://maven.apache.org/surefire/maven-surefire-plugin/xsd/surefire-test-report-3.0.xsd" version="3.0" name="TestSuite" time="29.155" tests="1" errors="0" skipped="0" failures="1">
  <properties>
[...]
</properties>
  <testcase name="runScenario[&quot;User can login to the application with valid credentials and purchase the specific men&apos;s jacket.&quot;, &quot;Optional[valid user can purchase the men jacket.]&quot;](1)" classname="smarttech.hou.myrunner.TestRunner" time="28.444">
    <failure message="element not interactable&#10;  (Session info: chrome=114.0.5735.134)&#10;Build info: version: &apos;3.141.59&apos;, revision: &apos;e82be7d358&apos;, time: &apos;2018-11-14T08:17:03&apos;&#10;System info: host: &apos;DESKTOP-4N1L592&apos;, ip: &apos;192.168.1.245&apos;, os.name: &apos;Windows 11&apos;, os.arch: &apos;amd64&apos;, os.version: &apos;10.0&apos;, java.version: &apos;17.0.7&apos;&#10;Driver info: org.openqa.selenium.chrome.ChromeDriver&#10;Capabilities {acceptInsecureCerts: false, browserName: chrome, browserVersion: 114.0.5735.134, chrome: {chromedriverVersion: 114.0.5735.90 (386bc09e8f4f..., userDataDir: C:\Users\shant\AppData\Loca...}, goog:chromeOptions: {debuggerAddress: localhost:63143}, javascriptEnabled: true, networkConnectionEnabled: false, pageLoadStrategy: normal, platform: WINDOWS, platformName: WINDOWS, proxy: Proxy(), setWindowRect: true, strictFileInteractability: false, timeouts: {implicit: 0, pageLoad: 300000, script: 30000}, unhandledPromptBehavior: dismiss and notify, webauthn:extension:credBlob: true, webauthn:extension:largeBlob: true, webauthn:extension:minPinLength: true, webauthn:extension:prf: true, webauthn:virtualAuthenticators: true}&#10;Session ID: d4e99632ea88c63d593a5cb61219aeff" type="org.openqa.selenium.ElementNotInteractableException"><![CDATA[org.openqa.selenium.ElementNotInteractableException: 
element not interactable
  (Session info: chrome=114.0.5735.134)
Build info: version: '3.141.59', revision: 'e82be7d358', time: '2018-11-14T08:17:03'
System info: host: 'DESKTOP-4N1L592', ip: '192.168.1.245', os.name: 'Windows 11', os.arch: 'amd64', os.version: '10.0', java.version: '17.0.7'
Driver info: org.openqa.selenium.chrome.ChromeDriver
Capabilities {acceptInsecureCerts: false, browserName: chrome, browserVersion: 114.0.5735.134, chrome: {chromedriverVersion: 114.0.5735.90 (386bc09e8f4f..., userDataDir: C:\Users\shant\AppData\Loca...}, goog:chromeOptions: {debuggerAddress: localhost:63143}, javascriptEnabled: true, networkConnectionEnabled: false, pageLoadStrategy: normal, platform: WINDOWS, platformName: WINDOWS, proxy: Proxy(), setWindowRect: true, strictFileInteractability: false, timeouts: {implicit: 0, pageLoad: 300000, script: 30000}, unhandledPromptBehavior: dismiss and notify, webauthn:extension:credBlob: true, webauthn:extension:largeBlob: true, webauthn:extension:minPinLength: true, webauthn:extension:prf: true, webauthn:virtualAuthenticators: true}
Session ID: d4e99632ea88c63d593a5cb61219aeff
]]></failure>
    <system-out><![CDATA[
@smoke
Scenario Outline: User can login to the application with valid credentials and purchase the specific men's jacket. &amp#27;[90m# Features/LumaFunctionalHou.feature:23&amp#27;[0m
 INFO [main] (ParentClass.java:45)- >>>> Test Execute On Chrome Browser>>>>
 INFO [main] (WebDriverManager.java:1093)- Using chromedriver 114.0.5735.90 (resolved driver for Chrome 114)
 INFO [main] (WebDriverManager.java:1148)- Exporting webdriver.chrome.driver as C:\Users\shant\.cache\selenium\chromedriver\win32\114.0.5735.90\chromedriver.exe
 INFO [main] (MasterPageFactoryhou.java:144)- ooomaaaa>>>> User can click on sign In BTN>>>> goo
 INFO [main] (MasterPageFactoryhou.java:148)- ooomaaaa>>>> User can enter the userName>>>> goo
 INFO [main] (MasterPageFactoryhou.java:152)- ooomaaaa>>>>User can enter the Password>>>> goo
 INFO [main] (MasterPageFactoryhou.java:156)- ooomaaaa>>>> User can click on log In BTN>>>> goo
 INFO [main] (FuntionalStepDef.java:20)- ooomaaaa>>>> User able to verify user info on the screen>>>> goo
My desired value is : Welcome, tariqul huda!
  &amp#27;[32mGiven &amp#27;[0m&amp#27;[32mUser already logged in the application and verify the user information on the landing page&amp#27;[0m                 &amp#27;[90m# smarttech.hou.stepdefinations.FuntionalStepDef.user_already_logged_in_the_application_and_verify_the_user_information_on_the_landing_page()&amp#27;[0m
 INFO [main] (FuntionalStepDef.java:29)- ooomaaaa>>>>  User able to hover over top men module >>>> goo
 INFO [main] (FuntionalStepDef.java:34)- ooomaaaa>>>>  User able to hover over tops inside the men module >>>> goo
 INFO [main] (FuntionalStepDef.java:39)- ooomaaaa>>>>  User able to click on jacket>>>> goo
  &amp#27;[32mWhen &amp#27;[0m&amp#27;[32mUser should be able to select jacket from men module&amp#27;[0m                                                        &amp#27;[90m# smarttech.hou.stepdefinations.FuntionalStepDef.user_should_be_able_to_select_jacket_from_men_module()&amp#27;[0m
My desired value is : Jackets
  &amp#27;[32mAnd &amp#27;[0m&amp#27;[32mVerify the jacket name on the &amp#27;[0m&amp#27;[32m&amp#27;[1m"Jupiter All-Weather Trainer"&amp#27;[0m&amp#27;[32m list&amp#27;[0m                                             &amp#27;[90m# smarttech.hou.stepdefinations.FuntionalStepDef.verify_the_jacket_name_on_the_list(java.lang.String)&amp#27;[0m
  &amp#27;[32mAnd &amp#27;[0m&amp#27;[32mUser should be able to select the &amp#27;[0m&amp#27;[32m&amp#27;[1m"S"&amp#27;[0m&amp#27;[32m and &amp#27;[0m&amp#27;[32m&amp#27;[1m"Blue"&amp#27;[0m&amp#27;[32m and &amp#27;[0m&amp#27;[32m&amp#27;[1m"1"&amp#27;[0m&amp#27;[32m then click on the add to cart&amp#27;[0m                       &amp#27;[90m# smarttech.hou.stepdefinations.FuntionalStepDef.user_should_be_able_to_select_the_and_and_then_click_on_the_add_to_cart(java.lang.String,java.lang.String,java.lang.String)&amp#27;[0m
  &amp#27;[32mAnd &amp#27;[0m&amp#27;[32mUser should be able to click on the cart&amp#27;[0m                                                                     &amp#27;[90m# smarttech.hou.stepdefinations.FuntionalStepDef.user_should_be_able_to_click_on_the_cart()&amp#27;[0m
  &amp#27;[32mAnd &amp#27;[0m&amp#27;[32mUser should be able to click on the checkout&amp#27;[0m                                                                 &amp#27;[90m# smarttech.hou.stepdefinations.FuntionalStepDef.user_should_be_able_to_click_on_the_checkout()&amp#27;[0m
  &amp#27;[31mAnd &amp#27;[0m&amp#27;[31mUser should be able to enter the shipping details and click on the Next&amp#27;[0m                                      &amp#27;[90m# smarttech.hou.stepdefinations.FuntionalStepDef.user_should_be_able_to_enter_the_shipping_details_and_click_on_the_next()&amp#27;[0m
      &amp#27;[31morg.openqa.selenium.ElementNotInteractableException: element not interactable
  (Session info: chrome=114.0.5735.134)
Build info: version: '3.141.59', revision: 'e82be7d358', time: '2018-11-14T08:17:03'
System info: host: 'DESKTOP-4N1L592', ip: '192.168.1.245', os.name: 'Windows 11', os.arch: 'amd64', os.version: '10.0', java.version: '17.0.7'
Driver info: org.openqa.selenium.chrome.ChromeDriver
Capabilities {acceptInsecureCerts: false, browserName: chrome, browserVersion: 114.0.5735.134, chrome: {chromedriverVersion: 114.0.5735.90 (386bc09e8f4f..., userDataDir: C:\Users\shant\AppData\Loca...}, goog:chromeOptions: {debuggerAddress: localhost:63143}, javascriptEnabled: true, networkConnectionEnabled: false, pageLoadStrategy: normal, platform: WINDOWS, platformName: WINDOWS, proxy: Proxy(), setWindowRect: true, strictFileInteractability: false, timeouts: {implicit: 0, pageLoad: 300000, script: 30000}, unhandledPromptBehavior: dismiss and notify, webauthn:extension:credBlob: true, webauthn:extension:largeBlob: true, webauthn:extension:minPinLength: true, webauthn:extension:prf: true, webauthn:virtualAuthenticators: true}
Session ID: d4e99632ea88c63d593a5cb61219aeff
	at java.base/jdk.internal.reflect.NativeConstructorAccessorImpl.newInstance0(Native Method)
	at java.base/jdk.internal.reflect.NativeConstructorAccessorImpl.newInstance(NativeConstructorAccessorImpl.java:77)
	at java.base/jdk.internal.reflect.DelegatingConstructorAccessorImpl.newInstance(DelegatingConstructorAccessorImpl.java:45)
	at java.base/java.lang.reflect.Constructor.newInstanceWithCaller(Constructor.java:499)
	at java.base/java.lang.reflect.Constructor.newInstance(Constructor.java:480)
	at org.openqa.selenium.remote.http.W3CHttpResponseCodec.createException(W3CHttpResponseCodec.java:187)
	at org.openqa.selenium.remote.http.W3CHttpResponseCodec.decode(W3CHttpResponseCodec.java:122)
	at org.openqa.selenium.remote.http.W3CHttpResponseCodec.decode(W3CHttpResponseCodec.java:49)
	at org.openqa.selenium.remote.HttpCommandExecutor.execute(HttpCommandExecutor.java:158)
	at org.openqa.selenium.remote.service.DriverCommandExecutor.execute(DriverCommandExecutor.java:83)
	at org.openqa.selenium.remote.RemoteWebDriver.execute(RemoteWebDriver.java:552)
	at org.openqa.selenium.remote.RemoteWebElement.execute(RemoteWebElement.java:285)
	at org.openqa.selenium.remote.RemoteWebElement.sendKeys(RemoteWebElement.java:106)
	at smarttech.hou.stepdefinations.FuntionalStepDef.user_should_be_able_to_enter_the_shipping_details_and_click_on_the_next(FuntionalStepDef.java:85)
	at âœ½.User should be able to enter the shipping details and click on the Next(file:///C:/Users/shant/eclipse-workspace/Automation_Practice/./Features/LumaFunctionalHou.feature:14)
&amp#27;[0m
  &amp#27;[36mAnd &amp#27;[0m&amp#27;[36mUser should be able to verify the shipping address and place the order&amp#27;[0m                                       &amp#27;[90m# smarttech.hou.stepdefinations.FuntionalStepDef.user_should_be_able_to_verify_the_shipping_address_and_place_the_order()&amp#27;[0m
  &amp#27;[36mThen &amp#27;[0m&amp#27;[36mUser should be able to verify the order number and get text on the screen &amp#27;[0m&amp#27;[36m&amp#27;[1m"Thank you for your purchase!"&amp#27;[0m    &amp#27;[90m# smarttech.hou.stepdefinations.FuntionalStepDef.user_should_be_able_to_verify_the_order_number_and_get_text_on_the_screen(java.lang.String)&amp#27;[0m
]]></system-out>
    <system-err><![CDATA[Starting ChromeDriver 114.0.5735.90 (386bc09e8f4f2e025eddae123f36f6263096ae49-refs/branch-heads/5735@{#1052}) on port 21379
Only local connections are allowed.
Please see https://chromedriver.chromium.org/security-considerations for suggestions on keeping ChromeDriver safe.
ChromeDriver was started successfully.
Jun 24, 2023 2:30:53 PM org.openqa.selenium.remote.ProtocolHandshake createSession
INFO: Detected dialect: W3C
]]></system-err>
  </testcase>
</testsuite>