<?xml version="1.0" encoding="UTF-8"?>
<testng-results ignored="0" total="1" passed="1" failed="0" skipped="0">
  <reporter-output>
  </reporter-output>
  <suite started-at="2023-08-03T01:39:18Z" name="Default suite" finished-at="2023-08-03T01:39:19Z" duration-ms="1732">
    <groups>
    </groups>
    <test started-at="2023-08-03T01:39:18Z" name="Default test" finished-at="2023-08-03T01:39:19Z" duration-ms="1732">
      <class name="api.rest.RestAuto">
        <test-method signature="deleteReadTheDataFromServer()[pri:0, instance:api.rest.RestAuto@12d2ce03]" started-at="2023-08-03T01:39:18Z" name="deleteReadTheDataFromServer" finished-at="2023-08-03T01:39:19Z" duration-ms="1714" status="PASS">
          <reporter-output>
          </reporter-output>
        </test-method> <!-- deleteReadTheDataFromServer -->
      </class> <!-- api.rest.RestAuto -->
    </test> <!-- Default test -->
  </suite> <!-- Default suite -->
</testng-results>
